[25-Nov-2015 05:44:39 UTC] PHP Notice:  Undefined offset: 0 in /home/eduknl1q/public_html/medisom.nl/wp-content/plugins/only-tweet-like-share-and-google-1/tweet-like-plusone.php on line 228
[25-Nov-2015 05:44:44 UTC] PHP Notice:  Undefined offset: 0 in /home/eduknl1q/public_html/medisom.nl/wp-content/plugins/only-tweet-like-share-and-google-1/tweet-like-plusone.php on line 228
[25-Nov-2015 06:03:15 UTC] PHP Notice:  Undefined offset: 0 in /home/eduknl1q/public_html/medisom.nl/wp-content/plugins/only-tweet-like-share-and-google-1/tweet-like-plusone.php on line 228
[25-Nov-2015 06:03:15 UTC] PHP Notice:  Undefined variable: oeco in /home/eduknl1q/public_html/medisom.nl/wp-content/plugins/medisom-extra/sm/wp_som.php on line 180
[25-Nov-2015 06:03:15 UTC] PHP Notice:  Undefined variable: oepa in /home/eduknl1q/public_html/medisom.nl/wp-content/plugins/medisom-extra/sm/wp_som.php on line 180
[25-Nov-2015 06:03:16 UTC] PHP Notice:  Trying to get property of non-object in /home/eduknl1q/public_html/medisom.nl/wp-content/plugins/only-tweet-like-share-and-google-1/tweet-like-plusone.php on line 854
[25-Nov-2015 06:03:16 UTC] PHP Notice:  Trying to get property of non-object in /home/eduknl1q/public_html/medisom.nl/wp-content/plugins/only-tweet-like-share-and-google-1/tweet-like-plusone.php on line 227
[25-Nov-2015 06:03:16 UTC] PHP Notice:  Undefined offset: 0 in /home/eduknl1q/public_html/medisom.nl/wp-content/plugins/only-tweet-like-share-and-google-1/tweet-like-plusone.php on line 228
[25-Nov-2015 06:03:17 UTC] PHP Notice:  Undefined offset: 0 in /home/eduknl1q/public_html/medisom.nl/wp-content/plugins/only-tweet-like-share-and-google-1/tweet-like-plusone.php on line 228
[25-Nov-2015 06:03:18 UTC] PHP Notice:  Trying to get property of non-object in /home/eduknl1q/public_html/medisom.nl/wp-content/plugins/only-tweet-like-share-and-google-1/tweet-like-plusone.php on line 854
[25-Nov-2015 06:03:18 UTC] PHP Notice:  Trying to get property of non-object in /home/eduknl1q/public_html/medisom.nl/wp-content/plugins/only-tweet-like-share-and-google-1/tweet-like-plusone.php on line 227
[25-Nov-2015 06:03:18 UTC] PHP Notice:  Undefined offset: 0 in /home/eduknl1q/public_html/medisom.nl/wp-content/plugins/only-tweet-like-share-and-google-1/tweet-like-plusone.php on line 228
[25-Nov-2015 06:03:18 UTC] PHP Notice:  Trying to get property of non-object in /home/eduknl1q/public_html/medisom.nl/wp-content/plugins/only-tweet-like-share-and-google-1/tweet-like-plusone.php on line 854
[25-Nov-2015 06:03:18 UTC] PHP Notice:  Trying to get property of non-object in /home/eduknl1q/public_html/medisom.nl/wp-content/plugins/only-tweet-like-share-and-google-1/tweet-like-plusone.php on line 854
[25-Nov-2015 06:03:18 UTC] PHP Notice:  Trying to get property of non-object in /home/eduknl1q/public_html/medisom.nl/wp-content/plugins/only-tweet-like-share-and-google-1/tweet-like-plusone.php on line 663
[25-Nov-2015 06:03:18 UTC] PHP Notice:  Trying to get property of non-object in /home/eduknl1q/public_html/medisom.nl/wp-content/plugins/only-tweet-like-share-and-google-1/tweet-like-plusone.php on line 664
[25-Nov-2015 06:03:20 UTC] PHP Notice:  Undefined offset: 0 in /home/eduknl1q/public_html/medisom.nl/wp-content/plugins/only-tweet-like-share-and-google-1/tweet-like-plusone.php on line 228
[25-Nov-2015 06:03:21 UTC] PHP Notice:  Undefined offset: 0 in /home/eduknl1q/public_html/medisom.nl/wp-content/plugins/only-tweet-like-share-and-google-1/tweet-like-plusone.php on line 228
[25-Nov-2015 06:03:22 UTC] PHP Notice:  Undefined offset: 0 in /home/eduknl1q/public_html/medisom.nl/wp-content/plugins/only-tweet-like-share-and-google-1/tweet-like-plusone.php on line 228
[25-Nov-2015 06:15:14 UTC] PHP Notice:  Undefined offset: 0 in /home/eduknl1q/public_html/medisom.nl/wp-content/plugins/only-tweet-like-share-and-google-1/tweet-like-plusone.php on line 228
[25-Nov-2015 06:15:15 UTC] PHP Notice:  Undefined offset: 0 in /home/eduknl1q/public_html/medisom.nl/wp-content/plugins/only-tweet-like-share-and-google-1/tweet-like-plusone.php on line 228
[25-Nov-2015 06:15:16 UTC] PHP Notice:  Undefined offset: 0 in /home/eduknl1q/public_html/medisom.nl/wp-content/plugins/only-tweet-like-share-and-google-1/tweet-like-plusone.php on line 228
[25-Nov-2015 06:15:17 UTC] PHP Notice:  Undefined offset: 0 in /home/eduknl1q/public_html/medisom.nl/wp-content/plugins/only-tweet-like-share-and-google-1/tweet-like-plusone.php on line 228
[25-Nov-2015 12:35:58 UTC] PHP Notice:  Trying to get property of non-object in /home/eduknl1q/public_html/medisom.nl/wp-content/plugins/only-tweet-like-share-and-google-1/tweet-like-plusone.php on line 854
[25-Nov-2015 12:35:58 UTC] PHP Notice:  Trying to get property of non-object in /home/eduknl1q/public_html/medisom.nl/wp-content/plugins/only-tweet-like-share-and-google-1/tweet-like-plusone.php on line 227
[25-Nov-2015 12:35:58 UTC] PHP Notice:  Undefined offset: 0 in /home/eduknl1q/public_html/medisom.nl/wp-content/plugins/only-tweet-like-share-and-google-1/tweet-like-plusone.php on line 228
[25-Nov-2015 12:35:59 UTC] PHP Notice:  Trying to get property of non-object in /home/eduknl1q/public_html/medisom.nl/wp-content/plugins/only-tweet-like-share-and-google-1/tweet-like-plusone.php on line 854
[25-Nov-2015 12:35:59 UTC] PHP Notice:  Trying to get property of non-object in /home/eduknl1q/public_html/medisom.nl/wp-content/plugins/only-tweet-like-share-and-google-1/tweet-like-plusone.php on line 227
[25-Nov-2015 12:35:59 UTC] PHP Notice:  Undefined offset: 0 in /home/eduknl1q/public_html/medisom.nl/wp-content/plugins/only-tweet-like-share-and-google-1/tweet-like-plusone.php on line 228
[25-Nov-2015 12:36:00 UTC] PHP Notice:  Trying to get property of non-object in /home/eduknl1q/public_html/medisom.nl/wp-content/plugins/only-tweet-like-share-and-google-1/tweet-like-plusone.php on line 854
[25-Nov-2015 12:36:00 UTC] PHP Notice:  Trying to get property of non-object in /home/eduknl1q/public_html/medisom.nl/wp-content/plugins/only-tweet-like-share-and-google-1/tweet-like-plusone.php on line 227
[25-Nov-2015 12:36:00 UTC] PHP Notice:  Undefined offset: 0 in /home/eduknl1q/public_html/medisom.nl/wp-content/plugins/only-tweet-like-share-and-google-1/tweet-like-plusone.php on line 228
[25-Nov-2015 13:47:15 UTC] PHP Notice:  Trying to get property of non-object in /home/eduknl1q/public_html/medisom.nl/wp-content/plugins/only-tweet-like-share-and-google-1/tweet-like-plusone.php on line 854
[25-Nov-2015 13:47:15 UTC] PHP Notice:  Trying to get property of non-object in /home/eduknl1q/public_html/medisom.nl/wp-content/plugins/only-tweet-like-share-and-google-1/tweet-like-plusone.php on line 227
[25-Nov-2015 13:47:15 UTC] PHP Notice:  Undefined offset: 0 in /home/eduknl1q/public_html/medisom.nl/wp-content/plugins/only-tweet-like-share-and-google-1/tweet-like-plusone.php on line 228
[26-Nov-2015 03:08:37 UTC] PHP Notice:  Undefined offset: 0 in /home/eduknl1q/public_html/medisom.nl/wp-content/plugins/only-tweet-like-share-and-google-1/tweet-like-plusone.php on line 228
[26-Nov-2015 03:08:37 UTC] PHP Parse error:  syntax error, unexpected 'c24' (T_STRING) in /home/eduknl1q/public_html/medisom.nl/wp-content/plugins/medisom-extra/sm/wp_laadcon.php on line 266
[26-Nov-2015 04:28:51 UTC] PHP Notice:  Undefined offset: 0 in /home/eduknl1q/public_html/medisom.nl/wp-content/plugins/only-tweet-like-share-and-google-1/tweet-like-plusone.php on line 228
[26-Nov-2015 08:12:18 UTC] PHP Notice:  Undefined offset: 0 in /home/eduknl1q/public_html/medisom.nl/wp-content/plugins/only-tweet-like-share-and-google-1/tweet-like-plusone.php on line 228
[26-Nov-2015 14:24:32 UTC] PHP Notice:  Trying to get property of non-object in /home/eduknl1q/public_html/medisom.nl/wp-content/plugins/only-tweet-like-share-and-google-1/tweet-like-plusone.php on line 854
[26-Nov-2015 14:24:33 UTC] PHP Notice:  Trying to get property of non-object in /home/eduknl1q/public_html/medisom.nl/wp-content/plugins/only-tweet-like-share-and-google-1/tweet-like-plusone.php on line 227
[26-Nov-2015 14:24:33 UTC] PHP Notice:  Undefined offset: 0 in /home/eduknl1q/public_html/medisom.nl/wp-content/plugins/only-tweet-like-share-and-google-1/tweet-like-plusone.php on line 228
[26-Nov-2015 15:30:27 UTC] PHP Notice:  Undefined offset: 0 in /home/eduknl1q/public_html/medisom.nl/wp-content/plugins/only-tweet-like-share-and-google-1/tweet-like-plusone.php on line 228
[26-Nov-2015 16:29:17 UTC] PHP Notice:  Undefined offset: 0 in /home/eduknl1q/public_html/medisom.nl/wp-content/plugins/only-tweet-like-share-and-google-1/tweet-like-plusone.php on line 228
[26-Nov-2015 18:20:18 UTC] PHP Notice:  Undefined offset: 0 in /home/eduknl1q/public_html/medisom.nl/wp-content/plugins/only-tweet-like-share-and-google-1/tweet-like-plusone.php on line 228
[27-Nov-2015 00:10:06 UTC] PHP Notice:  Undefined offset: 0 in /home/eduknl1q/public_html/medisom.nl/wp-content/plugins/only-tweet-like-share-and-google-1/tweet-like-plusone.php on line 228
[27-Nov-2015 02:04:03 UTC] PHP Notice:  Undefined offset: 0 in /home/eduknl1q/public_html/medisom.nl/wp-content/plugins/only-tweet-like-share-and-google-1/tweet-like-plusone.php on line 228
[27-Nov-2015 02:04:12 UTC] PHP Notice:  Undefined offset: 0 in /home/eduknl1q/public_html/medisom.nl/wp-content/plugins/only-tweet-like-share-and-google-1/tweet-like-plusone.php on line 228
[27-Nov-2015 03:16:27 UTC] PHP Notice:  Undefined offset: 0 in /home/eduknl1q/public_html/medisom.nl/wp-content/plugins/only-tweet-like-share-and-google-1/tweet-like-plusone.php on line 228
[27-Nov-2015 08:40:11 UTC] PHP Notice:  Trying to get property of non-object in /home/eduknl1q/public_html/medisom.nl/wp-content/plugins/only-tweet-like-share-and-google-1/tweet-like-plusone.php on line 854
[27-Nov-2015 08:40:11 UTC] PHP Notice:  Trying to get property of non-object in /home/eduknl1q/public_html/medisom.nl/wp-content/plugins/only-tweet-like-share-and-google-1/tweet-like-plusone.php on line 227
[27-Nov-2015 08:40:11 UTC] PHP Notice:  Undefined offset: 0 in /home/eduknl1q/public_html/medisom.nl/wp-content/plugins/only-tweet-like-share-and-google-1/tweet-like-plusone.php on line 228
